
===========================================================================
report_checks -unconstrained
===========================================================================
======================= nom_tt_025C_1v80 Corner ===================================

Startpoint: rst (input port clocked by clk)
Endpoint: _1016_ (recovery check against rising-edge clock clk)
Path Group: asynchronous
Path Type: max

Fanout         Cap        Slew       Delay        Time   Description
---------------------------------------------------------------------------------------------
                                  0.000000    0.000000   clock clk (rise edge)
                                  0.000000    0.000000   clock network delay (propagated)
                                  5.000000    5.000000 v input external delay
   162    0.784163    1.703534    1.291720    6.291720 v rst (in)
                                                         rst (net)
                      1.705437    0.000000    6.291720 v _0846_/A (sky130_fd_sc_hd__inv_2)
     1    0.003682    0.204694    0.287993    6.579713 ^ _0846_/Y (sky130_fd_sc_hd__inv_2)
                                                         _0051_ (net)
                      0.204694    0.000003    6.579717 ^ _1016_/RESET_B (sky130_fd_sc_hd__dfrtp_2)
                                              6.579717   data arrival time

                                 25.000000   25.000000   clock clk (rise edge)
                                  0.000000   25.000000   clock source latency
   170    0.317956    1.429663    0.976392   25.976391 ^ clk (in)
                                                         clk (net)
                      1.429663    0.000000   25.976391 ^ _1016_/CLK (sky130_fd_sc_hd__dfrtp_2)
                                 -0.250000   25.726393   clock uncertainty
                                  0.000000   25.726393   clock reconvergence pessimism
                                  0.434856   26.161247   library recovery time
                                             26.161247   data required time
---------------------------------------------------------------------------------------------
                                             26.161247   data required time
                                             -6.579717   data arrival time
---------------------------------------------------------------------------------------------
                                             19.581532   slack (MET)


Startpoint: _1094_ (rising edge-triggered flip-flop clocked by clk)
Endpoint: done (output port clocked by clk)
Path Group: clk
Path Type: max

Fanout         Cap        Slew       Delay        Time   Description
---------------------------------------------------------------------------------------------
                                  0.000000    0.000000   clock clk (rise edge)
                                  0.000000    0.000000   clock source latency
   170    0.317956    1.429663    0.976392    0.976392 ^ clk (in)
                                                         clk (net)
                      1.429663    0.000000    0.976392 ^ _1094_/CLK (sky130_fd_sc_hd__dfrtp_2)
     2    0.006157    0.046965    0.613883    1.590276 v _1094_/Q (sky130_fd_sc_hd__dfrtp_2)
                                                         state[0] (net)
                      0.046965    0.000020    1.590296 v _0479_/A (sky130_fd_sc_hd__inv_2)
     3    0.006034    0.035143    0.051860    1.642156 ^ _0479_/Y (sky130_fd_sc_hd__inv_2)
                                                         _0300_ (net)
                      0.035143    0.000014    1.642170 ^ _0618_/A (sky130_fd_sc_hd__and2_2)
     2    0.038300    0.200308    0.250508    1.892678 ^ _0618_/X (sky130_fd_sc_hd__and2_2)
                                                         done (net)
                      0.200310    0.001035    1.893712 ^ done (out)
                                              1.893712   data arrival time

                                 25.000000   25.000000   clock clk (rise edge)
                                  0.000000   25.000000   clock network delay (propagated)
                                 -0.250000   24.750000   clock uncertainty
                                  0.000000   24.750000   clock reconvergence pessimism
                                 -5.000000   19.750000   output external delay
                                             19.750000   data required time
---------------------------------------------------------------------------------------------
                                             19.750000   data required time
                                             -1.893712   data arrival time
---------------------------------------------------------------------------------------------
                                             17.856287   slack (MET)




===========================================================================
report_checks --slack_max -0.01
============================================================================
======================= nom_tt_025C_1v80 Corner ===================================

No paths found.


===========================================================================
 report_check_types -max_slew -max_cap -max_fanout -violators
============================================================================
======================= nom_tt_025C_1v80 Corner ===================================

max slew

Pin                                        Limit        Slew       Slack
------------------------------------------------------------------------
_0843_/A                                0.750000    3.750396   -3.000396 (VIOLATED)
_0844_/A                                0.750000    3.750399   -3.000399 (VIOLATED)
_0845_/A                                0.750000    3.750399   -3.000399 (VIOLATED)
_0846_/A                                0.750000    3.750400   -3.000400 (VIOLATED)
_0841_/A                                0.750000    3.750390   -3.000390 (VIOLATED)
_0842_/A                                0.750000    3.750390   -3.000390 (VIOLATED)
_0481_/A                                0.750000    3.750380   -3.000380 (VIOLATED)
_0829_/A                                0.750000    3.750378   -3.000378 (VIOLATED)
_0840_/A                                0.750000    3.750381   -3.000381 (VIOLATED)
_0864_/A                                0.750000    3.750380   -3.000380 (VIOLATED)
_0833_/A                                0.750000    3.750376   -3.000376 (VIOLATED)
_0830_/A                                0.750000    3.750370   -3.000369 (VIOLATED)
_0832_/A                                0.750000    3.750372   -3.000372 (VIOLATED)
_0831_/A                                0.750000    3.750367   -3.000367 (VIOLATED)
_0865_/A                                0.750000    3.750352   -3.000352 (VIOLATED)
_0847_/A                                0.750000    3.750344   -3.000344 (VIOLATED)
_0848_/A                                0.750000    3.750345   -3.000345 (VIOLATED)
_0849_/A                                0.750000    3.750343   -3.000343 (VIOLATED)
_0850_/A                                0.750000    3.750341   -3.000340 (VIOLATED)
_0851_/A                                0.750000    3.750337   -3.000337 (VIOLATED)
_0866_/A                                0.750000    3.750337   -3.000336 (VIOLATED)
_0834_/A                                0.750000    3.750330   -3.000330 (VIOLATED)
_0838_/A                                0.750000    3.750332   -3.000332 (VIOLATED)
_0839_/A                                0.750000    3.750333   -3.000333 (VIOLATED)
_0835_/A                                0.750000    3.750327   -3.000327 (VIOLATED)
_0837_/A                                0.750000    3.750327   -3.000327 (VIOLATED)
_0852_/A                                0.750000    3.750330   -3.000330 (VIOLATED)
_0853_/A                                0.750000    3.750329   -3.000329 (VIOLATED)
_0836_/A                                0.750000    3.750322   -3.000322 (VIOLATED)
_0867_/A                                0.750000    3.750323   -3.000323 (VIOLATED)
_0868_/A                                0.750000    3.750314   -3.000314 (VIOLATED)
_0860_/A                                0.750000    3.750299   -3.000298 (VIOLATED)
_0861_/A                                0.750000    3.750283   -3.000283 (VIOLATED)
_0870_/A                                0.750000    3.750283   -3.000282 (VIOLATED)
_0871_/A                                0.750000    3.750284   -3.000284 (VIOLATED)
_0869_/A                                0.750000    3.750276   -3.000276 (VIOLATED)
_0862_/A                                0.750000    3.750269   -3.000268 (VIOLATED)
_0877_/A                                0.750000    3.750239   -3.000239 (VIOLATED)
_0878_/A                                0.750000    3.750224   -3.000224 (VIOLATED)
_0885_/A                                0.750000    3.750224   -3.000224 (VIOLATED)
_0886_/A                                0.750000    3.750226   -3.000226 (VIOLATED)
_0887_/A                                0.750000    3.750228   -3.000228 (VIOLATED)
_0888_/A                                0.750000    3.750229   -3.000229 (VIOLATED)
_0879_/A                                0.750000    3.750219   -3.000219 (VIOLATED)
_0863_/A                                0.750000    3.750216   -3.000216 (VIOLATED)
_0891_/A                                0.750000    3.750216   -3.000216 (VIOLATED)
_0988_/A                                0.750000    3.750208   -3.000208 (VIOLATED)
_0989_/A                                0.750000    3.750176   -3.000176 (VIOLATED)
_0984_/A                                0.750000    3.750130   -3.000130 (VIOLATED)
_0872_/A                                0.750000    3.750121   -3.000121 (VIOLATED)
_0958_/A                                0.750000    3.750103   -3.000103 (VIOLATED)
_0956_/A                                0.750000    3.750100   -3.000100 (VIOLATED)
_0959_/A                                0.750000    3.750103   -3.000103 (VIOLATED)
_0961_/A                                0.750000    3.750100   -3.000100 (VIOLATED)
_0957_/A                                0.750000    3.750087   -3.000087 (VIOLATED)
_0982_/A                                0.750000    3.750075   -3.000074 (VIOLATED)
_0985_/A                                0.750000    3.750075   -3.000074 (VIOLATED)
_0954_/A                                0.750000    3.750068   -3.000068 (VIOLATED)
_0876_/A                                0.750000    3.750049   -3.000049 (VIOLATED)
_0960_/A                                0.750000    3.750025   -3.000025 (VIOLATED)
_0963_/A                                0.750000    3.750000   -3.000000 (VIOLATED)
_0962_/A                                0.750000    3.749885   -2.999885 (VIOLATED)
_0965_/A                                0.750000    3.749865   -2.999864 (VIOLATED)
_0964_/A                                0.750000    3.749817   -2.999816 (VIOLATED)
_0854_/A                                0.750000    3.749809   -2.999809 (VIOLATED)
_0855_/A                                0.750000    3.749808   -2.999808 (VIOLATED)
_0856_/A                                0.750000    3.749807   -2.999807 (VIOLATED)
_0857_/A                                0.750000    3.749804   -2.999804 (VIOLATED)
_0858_/A                                0.750000    3.749803   -2.999803 (VIOLATED)
_0859_/A                                0.750000    3.749803   -2.999803 (VIOLATED)
_0922_/A                                0.750000    3.749795   -2.999795 (VIOLATED)
_0923_/A                                0.750000    3.749795   -2.999795 (VIOLATED)
_0921_/A                                0.750000    3.749788   -2.999788 (VIOLATED)
_0920_/A                                0.750000    3.749784   -2.999784 (VIOLATED)
_0919_/A                                0.750000    3.749781   -2.999780 (VIOLATED)
_0892_/A                                0.750000    3.749769   -2.999769 (VIOLATED)
_0924_/A                                0.750000    3.749769   -2.999769 (VIOLATED)
_0918_/A                                0.750000    3.749766   -2.999766 (VIOLATED)
_0925_/A                                0.750000    3.749769   -2.999769 (VIOLATED)
_0882_/A                                0.750000    3.749758   -2.999758 (VIOLATED)
_0883_/A                                0.750000    3.749758   -2.999758 (VIOLATED)
_0884_/A                                0.750000    3.749759   -2.999759 (VIOLATED)
_0880_/A                                0.750000    3.749755   -2.999755 (VIOLATED)
_0881_/A                                0.750000    3.749755   -2.999755 (VIOLATED)
_0967_/A                                0.750000    3.749754   -2.999754 (VIOLATED)
_0889_/A                                0.750000    3.749750   -2.999750 (VIOLATED)
_0890_/A                                0.750000    3.749751   -2.999751 (VIOLATED)
_0916_/A                                0.750000    3.749751   -2.999751 (VIOLATED)
_0915_/A                                0.750000    3.749748   -2.999748 (VIOLATED)
_0917_/A                                0.750000    3.749744   -2.999744 (VIOLATED)
_0980_/A                                0.750000    3.749744   -2.999744 (VIOLATED)
_0983_/A                                0.750000    3.749744   -2.999744 (VIOLATED)
_0981_/A                                0.750000    3.749741   -2.999741 (VIOLATED)
_0978_/A                                0.750000    3.749736   -2.999736 (VIOLATED)
_0979_/A                                0.750000    3.749726   -2.999726 (VIOLATED)
_0908_/A                                0.750000    3.749721   -2.999721 (VIOLATED)
_0909_/A                                0.750000    3.749722   -2.999722 (VIOLATED)
_0976_/A                                0.750000    3.749720   -2.999720 (VIOLATED)
_0907_/A                                0.750000    3.749715   -2.999715 (VIOLATED)
_0966_/A                                0.750000    3.749717   -2.999717 (VIOLATED)
_0974_/A                                0.750000    3.749707   -2.999707 (VIOLATED)
_0977_/A                                0.750000    3.749708   -2.999708 (VIOLATED)
_0975_/A                                0.750000    3.749700   -2.999700 (VIOLATED)
_0972_/A                                0.750000    3.749693   -2.999693 (VIOLATED)
_0899_/A                                0.750000    3.749686   -2.999686 (VIOLATED)
_0911_/A                                0.750000    3.749685   -2.999685 (VIOLATED)
_0912_/A                                0.750000    3.749687   -2.999687 (VIOLATED)
_0913_/A                                0.750000    3.749688   -2.999688 (VIOLATED)
_0914_/A                                0.750000    3.749689   -2.999689 (VIOLATED)
_0902_/A                                0.750000    3.749679   -2.999679 (VIOLATED)
_0910_/A                                0.750000    3.749681   -2.999681 (VIOLATED)
_0903_/A                                0.750000    3.749678   -2.999678 (VIOLATED)
_0973_/A                                0.750000    3.749681   -2.999681 (VIOLATED)
_0904_/A                                0.750000    3.749677   -2.999677 (VIOLATED)
_0970_/A                                0.750000    3.749674   -2.999673 (VIOLATED)
_0900_/A                                0.750000    3.749669   -2.999669 (VIOLATED)
_0905_/A                                0.750000    3.749671   -2.999670 (VIOLATED)
_0906_/A                                0.750000    3.749667   -2.999667 (VIOLATED)
_0971_/A                                0.750000    3.749660   -2.999660 (VIOLATED)
_0898_/A                                0.750000    3.749656   -2.999656 (VIOLATED)
_0968_/A                                0.750000    3.749651   -2.999651 (VIOLATED)
_0893_/A                                0.750000    3.749639   -2.999639 (VIOLATED)
_0894_/A                                0.750000    3.749639   -2.999638 (VIOLATED)
_0895_/A                                0.750000    3.749638   -2.999638 (VIOLATED)
_0896_/A                                0.750000    3.749636   -2.999636 (VIOLATED)
_0897_/A                                0.750000    3.749633   -2.999633 (VIOLATED)
_0901_/A                                0.750000    3.749634   -2.999634 (VIOLATED)
_0969_/A                                0.750000    3.749633   -2.999633 (VIOLATED)
_0931_/A                                0.750000    3.749593   -2.999593 (VIOLATED)
_0873_/A                                0.750000    3.749587   -2.999587 (VIOLATED)
_0874_/A                                0.750000    3.749587   -2.999586 (VIOLATED)
_0875_/A                                0.750000    3.749585   -2.999585 (VIOLATED)
_0926_/A                                0.750000    3.749584   -2.999584 (VIOLATED)
_0928_/A                                0.750000    3.749586   -2.999586 (VIOLATED)
_0929_/A                                0.750000    3.749585   -2.999585 (VIOLATED)
_0927_/A                                0.750000    3.749581   -2.999581 (VIOLATED)
_0952_/A                                0.750000    3.749583   -2.999583 (VIOLATED)
_0955_/A                                0.750000    3.749585   -2.999585 (VIOLATED)
_0986_/A                                0.750000    3.749584   -2.999584 (VIOLATED)
_0987_/A                                0.750000    3.749585   -2.999585 (VIOLATED)
_0953_/A                                0.750000    3.749580   -2.999580 (VIOLATED)
_0930_/A                                0.750000    3.749575   -2.999575 (VIOLATED)
_0950_/A                                0.750000    3.749576   -2.999576 (VIOLATED)
_0951_/A                                0.750000    3.749569   -2.999569 (VIOLATED)
_0948_/A                                0.750000    3.749561   -2.999561 (VIOLATED)
_0933_/A                                0.750000    3.749554   -2.999554 (VIOLATED)
_0947_/A                                0.750000    3.749552   -2.999552 (VIOLATED)
_0949_/A                                0.750000    3.749552   -2.999551 (VIOLATED)
_0946_/A                                0.750000    3.749547   -2.999547 (VIOLATED)
_0932_/A                                0.750000    3.749535   -2.999534 (VIOLATED)
_0944_/A                                0.750000    3.749522   -2.999521 (VIOLATED)
_0934_/A                                0.750000    3.749511   -2.999511 (VIOLATED)
_0935_/A                                0.750000    3.749514   -2.999514 (VIOLATED)
_0936_/A                                0.750000    3.749513   -2.999513 (VIOLATED)
_0937_/A                                0.750000    3.749512   -2.999512 (VIOLATED)
_0939_/A                                0.750000    3.749480   -2.999480 (VIOLATED)
_0938_/A                                0.750000    3.749470   -2.999470 (VIOLATED)
_0945_/A                                0.750000    3.749468   -2.999467 (VIOLATED)
_0941_/A                                0.750000    3.749457   -2.999457 (VIOLATED)
_0940_/A                                0.750000    3.749441   -2.999441 (VIOLATED)
_0942_/A                                0.750000    3.749436   -2.999436 (VIOLATED)
_0943_/A                                0.750000    3.749429   -2.999428 (VIOLATED)
rst                                     0.750000    3.749377   -2.999376 (VIOLATED)
_0552_/B1                               0.750000    2.100257   -1.350257 (VIOLATED)
_0553_/B1                               0.750000    2.100257   -1.350257 (VIOLATED)
_0558_/B1                               0.750000    2.100254   -1.350254 (VIOLATED)
_0559_/B1                               0.750000    2.100255   -1.350255 (VIOLATED)
_0560_/B1                               0.750000    2.100255   -1.350255 (VIOLATED)
_0561_/B1                               0.750000    2.100256   -1.350256 (VIOLATED)
_0562_/B1                               0.750000    2.100257   -1.350257 (VIOLATED)
_0563_/B1                               0.750000    2.100251   -1.350251 (VIOLATED)
_0557_/B1                               0.750000    2.100250   -1.350250 (VIOLATED)
_0556_/B1                               0.750000    2.100247   -1.350247 (VIOLATED)
_0554_/B1                               0.750000    2.100246   -1.350246 (VIOLATED)
_0555_/B1                               0.750000    2.100245   -1.350245 (VIOLATED)
_0574_/B1                               0.750000    2.100239   -1.350239 (VIOLATED)
_0575_/B1                               0.750000    2.100239   -1.350239 (VIOLATED)
_0576_/B1                               0.750000    2.100236   -1.350236 (VIOLATED)
_0577_/B1                               0.750000    2.100232   -1.350232 (VIOLATED)
_0613_/B1                               0.750000    2.100226   -1.350226 (VIOLATED)
_0614_/B1                               0.750000    2.100226   -1.350226 (VIOLATED)
_0612_/B1                               0.750000    2.100224   -1.350224 (VIOLATED)
_0551_/B1                               0.750000    2.100222   -1.350222 (VIOLATED)
_0564_/B1                               0.750000    2.100221   -1.350221 (VIOLATED)
_0565_/B1                               0.750000    2.100221   -1.350221 (VIOLATED)
_0611_/B1                               0.750000    2.100221   -1.350221 (VIOLATED)
_0571_/B1                               0.750000    2.100218   -1.350218 (VIOLATED)
_0572_/B1                               0.750000    2.100218   -1.350218 (VIOLATED)
_0573_/B1                               0.750000    2.100219   -1.350219 (VIOLATED)
_0610_/B1                               0.750000    2.100217   -1.350217 (VIOLATED)
_0609_/B1                               0.750000    2.100209   -1.350209 (VIOLATED)
_0578_/B1                               0.750000    2.100200   -1.350200 (VIOLATED)
_0602_/B1                               0.750000    2.100191   -1.350191 (VIOLATED)
_0603_/B1                               0.750000    2.100186   -1.350186 (VIOLATED)
_0604_/B1                               0.750000    2.100179   -1.350179 (VIOLATED)
_0608_/B1                               0.750000    2.100174   -1.350174 (VIOLATED)
_0591_/B1                               0.750000    2.100161   -1.350161 (VIOLATED)
_0592_/B1                               0.750000    2.100162   -1.350162 (VIOLATED)
_0593_/B1                               0.750000    2.100163   -1.350163 (VIOLATED)
_0594_/B1                               0.750000    2.100164   -1.350164 (VIOLATED)
_0595_/B1                               0.750000    2.100164   -1.350164 (VIOLATED)
_0596_/B1                               0.750000    2.100165   -1.350165 (VIOLATED)
_0597_/B1                               0.750000    2.100166   -1.350166 (VIOLATED)
_0598_/B1                               0.750000    2.100166   -1.350166 (VIOLATED)
_0599_/B1                               0.750000    2.100166   -1.350166 (VIOLATED)
_0600_/B1                               0.750000    2.100167   -1.350167 (VIOLATED)
_0601_/B1                               0.750000    2.100167   -1.350167 (VIOLATED)
_0607_/B1                               0.750000    2.100167   -1.350167 (VIOLATED)
_0606_/B1                               0.750000    2.100162   -1.350162 (VIOLATED)
_0605_/B1                               0.750000    2.100158   -1.350159 (VIOLATED)
_0590_/B1                               0.750000    2.100153   -1.350153 (VIOLATED)
_0589_/B1                               0.750000    2.100147   -1.350147 (VIOLATED)
_0588_/B1                               0.750000    2.100141   -1.350141 (VIOLATED)
_0579_/B1                               0.750000    2.100137   -1.350137 (VIOLATED)
_0580_/B1                               0.750000    2.100137   -1.350137 (VIOLATED)
_0581_/B1                               0.750000    2.100137   -1.350137 (VIOLATED)
_0582_/B1                               0.750000    2.100137   -1.350137 (VIOLATED)
_0587_/B1                               0.750000    2.100136   -1.350136 (VIOLATED)
_0586_/B1                               0.750000    2.100130   -1.350130 (VIOLATED)
_0583_/B1                               0.750000    2.100124   -1.350124 (VIOLATED)
_0584_/B1                               0.750000    2.100126   -1.350126 (VIOLATED)
_0585_/B1                               0.750000    2.100126   -1.350126 (VIOLATED)
_0488_/Y                                0.750000    2.100121   -1.350121 (VIOLATED)
_0490_/B1                               0.750000    2.100121   -1.350121 (VIOLATED)
_0550_/B1                               0.750000    2.100121   -1.350121 (VIOLATED)
_0566_/B1                               0.750000    2.100121   -1.350121 (VIOLATED)
_0567_/B1                               0.750000    2.100121   -1.350121 (VIOLATED)
_0568_/B1                               0.750000    2.100121   -1.350121 (VIOLATED)
_0569_/B1                               0.750000    2.100121   -1.350121 (VIOLATED)
_0570_/B1                               0.750000    2.100121   -1.350121 (VIOLATED)
_0552_/A2                               0.750000    2.080898   -1.330898 (VIOLATED)
_0553_/A2                               0.750000    2.080898   -1.330898 (VIOLATED)
_0561_/A2                               0.750000    2.080898   -1.330898 (VIOLATED)
_0562_/A2                               0.750000    2.080898   -1.330898 (VIOLATED)
_0559_/A2                               0.750000    2.080896   -1.330896 (VIOLATED)
_0560_/A2                               0.750000    2.080896   -1.330896 (VIOLATED)
_0558_/A2                               0.750000    2.080894   -1.330894 (VIOLATED)
_0563_/A2                               0.750000    2.080892   -1.330892 (VIOLATED)
_0557_/A2                               0.750000    2.080889   -1.330890 (VIOLATED)
_0556_/A2                               0.750000    2.080887   -1.330887 (VIOLATED)
_0554_/A2                               0.750000    2.080885   -1.330886 (VIOLATED)
_0555_/A2                               0.750000    2.080885   -1.330885 (VIOLATED)
_0574_/A2                               0.750000    2.080878   -1.330878 (VIOLATED)
_0575_/A2                               0.750000    2.080877   -1.330877 (VIOLATED)
_0576_/A2                               0.750000    2.080874   -1.330874 (VIOLATED)
_0577_/A2                               0.750000    2.080869   -1.330869 (VIOLATED)
_0613_/A2                               0.750000    2.080863   -1.330863 (VIOLATED)
_0614_/A2                               0.750000    2.080863   -1.330863 (VIOLATED)
_0612_/A2                               0.750000    2.080861   -1.330861 (VIOLATED)
_0551_/A2                               0.750000    2.080858   -1.330858 (VIOLATED)
_0564_/A2                               0.750000    2.080858   -1.330858 (VIOLATED)
_0565_/A2                               0.750000    2.080857   -1.330857 (VIOLATED)
_0611_/A2                               0.750000    2.080857   -1.330857 (VIOLATED)
_0573_/A2                               0.750000    2.080855   -1.330855 (VIOLATED)
_0571_/A2                               0.750000    2.080853   -1.330853 (VIOLATED)
_0572_/A2                               0.750000    2.080854   -1.330854 (VIOLATED)
_0610_/A2                               0.750000    2.080853   -1.330853 (VIOLATED)
_0609_/A2                               0.750000    2.080843   -1.330843 (VIOLATED)
_0578_/A2                               0.750000    2.080832   -1.330832 (VIOLATED)
_0602_/A2                               0.750000    2.080823   -1.330823 (VIOLATED)
_0603_/A2                               0.750000    2.080816   -1.330816 (VIOLATED)
_0604_/A2                               0.750000    2.080808   -1.330808 (VIOLATED)
_0608_/A2                               0.750000    2.080802   -1.330802 (VIOLATED)
_0596_/A2                               0.750000    2.080791   -1.330791 (VIOLATED)
_0597_/A2                               0.750000    2.080792   -1.330792 (VIOLATED)
_0598_/A2                               0.750000    2.080792   -1.330793 (VIOLATED)
_0599_/A2                               0.750000    2.080793   -1.330793 (VIOLATED)
_0600_/A2                               0.750000    2.080793   -1.330793 (VIOLATED)
_0601_/A2                               0.750000    2.080793   -1.330793 (VIOLATED)
_0607_/A2                               0.750000    2.080794   -1.330794 (VIOLATED)
_0593_/A2                               0.750000    2.080788   -1.330788 (VIOLATED)
_0594_/A2                               0.750000    2.080790   -1.330790 (VIOLATED)
_0595_/A2                               0.750000    2.080790   -1.330790 (VIOLATED)
_0592_/A2                               0.750000    2.080787   -1.330787 (VIOLATED)
_0606_/A2                               0.750000    2.080787   -1.330787 (VIOLATED)
_0591_/A2                               0.750000    2.080786   -1.330786 (VIOLATED)
_0605_/A2                               0.750000    2.080783   -1.330783 (VIOLATED)
_0590_/A2                               0.750000    2.080776   -1.330776 (VIOLATED)
_0589_/A2                               0.750000    2.080769   -1.330769 (VIOLATED)
_0588_/A2                               0.750000    2.080761   -1.330761 (VIOLATED)
_0580_/A2                               0.750000    2.080755   -1.330755 (VIOLATED)
_0581_/A2                               0.750000    2.080755   -1.330755 (VIOLATED)
_0582_/A2                               0.750000    2.080755   -1.330755 (VIOLATED)
_0587_/A2                               0.750000    2.080754   -1.330754 (VIOLATED)
_0586_/A2                               0.750000    2.080746   -1.330746 (VIOLATED)
_0583_/A2                               0.750000    2.080740   -1.330740 (VIOLATED)
_0584_/A2                               0.750000    2.080739   -1.330739 (VIOLATED)
_0585_/A2                               0.750000    2.080740   -1.330740 (VIOLATED)
_0486_/B1                               0.750000    2.080731   -1.330731 (VIOLATED)
_0484_/Y                                0.750000    2.080727   -1.330727 (VIOLATED)
_0566_/A2                               0.750000    2.080727   -1.330727 (VIOLATED)
_0567_/A2                               0.750000    2.080727   -1.330727 (VIOLATED)
_0568_/A2                               0.750000    2.080727   -1.330727 (VIOLATED)
_0569_/A2                               0.750000    2.080727   -1.330727 (VIOLATED)
_0570_/A2                               0.750000    2.080727   -1.330727 (VIOLATED)
_0579_/A2                               0.750000    2.080727   -1.330727 (VIOLATED)
clk                                     0.750000    1.429663   -0.679663 (VIOLATED)
_0990_/CLK                              0.750000    1.429663   -0.679663 (VIOLATED)
_0991_/CLK                              0.750000    1.429663   -0.679663 (VIOLATED)
_0992_/CLK                              0.750000    1.429663   -0.679663 (VIOLATED)
_0993_/CLK                              0.750000    1.429663   -0.679663 (VIOLATED)
_0994_/CLK                              0.750000    1.429663   -0.679663 (VIOLATED)
_0995_/CLK                              0.750000    1.429663   -0.679663 (VIOLATED)
_0996_/CLK                              0.750000    1.429663   -0.679663 (VIOLATED)
_0997_/CLK                              0.750000    1.429663   -0.679663 (VIOLATED)
_0998_/CLK                              0.750000    1.429663   -0.679663 (VIOLATED)
_0999_/CLK                              0.750000    1.429663   -0.679663 (VIOLATED)
_1000_/CLK                              0.750000    1.429663   -0.679663 (VIOLATED)
_1001_/CLK                              0.750000    1.429663   -0.679663 (VIOLATED)
_1002_/CLK                              0.750000    1.429663   -0.679663 (VIOLATED)
_1003_/CLK                              0.750000    1.429663   -0.679663 (VIOLATED)
_1004_/CLK                              0.750000    1.429663   -0.679663 (VIOLATED)
_1005_/CLK                              0.750000    1.429663   -0.679663 (VIOLATED)
_1006_/CLK                              0.750000    1.429663   -0.679663 (VIOLATED)
_1007_/CLK                              0.750000    1.429663   -0.679663 (VIOLATED)
_1008_/CLK                              0.750000    1.429663   -0.679663 (VIOLATED)
_1009_/CLK                              0.750000    1.429663   -0.679663 (VIOLATED)
_1010_/CLK                              0.750000    1.429663   -0.679663 (VIOLATED)
_1011_/CLK                              0.750000    1.429663   -0.679663 (VIOLATED)
_1012_/CLK                              0.750000    1.429663   -0.679663 (VIOLATED)
_1013_/CLK                              0.750000    1.429663   -0.679663 (VIOLATED)
_1014_/CLK                              0.750000    1.429663   -0.679663 (VIOLATED)
_1015_/CLK                              0.750000    1.429663   -0.679663 (VIOLATED)
_1016_/CLK                              0.750000    1.429663   -0.679663 (VIOLATED)
_1017_/CLK                              0.750000    1.429663   -0.679663 (VIOLATED)
_1018_/CLK                              0.750000    1.429663   -0.679663 (VIOLATED)
_1019_/CLK                              0.750000    1.429663   -0.679663 (VIOLATED)
_1020_/CLK                              0.750000    1.429663   -0.679663 (VIOLATED)
_1021_/CLK                              0.750000    1.429663   -0.679663 (VIOLATED)
_1022_/CLK                              0.750000    1.429663   -0.679663 (VIOLATED)
_1023_/CLK                              0.750000    1.429663   -0.679663 (VIOLATED)
_1024_/CLK                              0.750000    1.429663   -0.679663 (VIOLATED)
_1025_/CLK                              0.750000    1.429663   -0.679663 (VIOLATED)
_1026_/CLK                              0.750000    1.429663   -0.679663 (VIOLATED)
_1027_/CLK                              0.750000    1.429663   -0.679663 (VIOLATED)
_1028_/CLK                              0.750000    1.429663   -0.679663 (VIOLATED)
_1029_/CLK                              0.750000    1.429663   -0.679663 (VIOLATED)
_1030_/CLK                              0.750000    1.429663   -0.679663 (VIOLATED)
_1031_/CLK                              0.750000    1.429663   -0.679663 (VIOLATED)
_1032_/CLK                              0.750000    1.429663   -0.679663 (VIOLATED)
_1033_/CLK                              0.750000    1.429663   -0.679663 (VIOLATED)
_1034_/CLK                              0.750000    1.429663   -0.679663 (VIOLATED)
_1035_/CLK                              0.750000    1.429663   -0.679663 (VIOLATED)
_1036_/CLK                              0.750000    1.429663   -0.679663 (VIOLATED)
_1037_/CLK                              0.750000    1.429663   -0.679663 (VIOLATED)
_1038_/CLK                              0.750000    1.429663   -0.679663 (VIOLATED)
_1039_/CLK                              0.750000    1.429663   -0.679663 (VIOLATED)
_1040_/CLK                              0.750000    1.429663   -0.679663 (VIOLATED)
_1041_/CLK                              0.750000    1.429663   -0.679663 (VIOLATED)
_1042_/CLK                              0.750000    1.429663   -0.679663 (VIOLATED)
_1043_/CLK                              0.750000    1.429663   -0.679663 (VIOLATED)
_1044_/CLK                              0.750000    1.429663   -0.679663 (VIOLATED)
_1045_/CLK                              0.750000    1.429663   -0.679663 (VIOLATED)
_1046_/CLK                              0.750000    1.429663   -0.679663 (VIOLATED)
_1047_/CLK                              0.750000    1.429663   -0.679663 (VIOLATED)
_1048_/CLK                              0.750000    1.429663   -0.679663 (VIOLATED)
_1049_/CLK                              0.750000    1.429663   -0.679663 (VIOLATED)
_1050_/CLK                              0.750000    1.429663   -0.679663 (VIOLATED)
_1051_/CLK                              0.750000    1.429663   -0.679663 (VIOLATED)
_1052_/CLK                              0.750000    1.429663   -0.679663 (VIOLATED)
_1053_/CLK                              0.750000    1.429663   -0.679663 (VIOLATED)
_1054_/CLK                              0.750000    1.429663   -0.679663 (VIOLATED)
_1055_/CLK                              0.750000    1.429663   -0.679663 (VIOLATED)
_1056_/CLK                              0.750000    1.429663   -0.679663 (VIOLATED)
_1057_/CLK                              0.750000    1.429663   -0.679663 (VIOLATED)
_1058_/CLK                              0.750000    1.429663   -0.679663 (VIOLATED)
_1059_/CLK                              0.750000    1.429663   -0.679663 (VIOLATED)
_1060_/CLK                              0.750000    1.429663   -0.679663 (VIOLATED)
_1061_/CLK                              0.750000    1.429663   -0.679663 (VIOLATED)
_1062_/CLK                              0.750000    1.429663   -0.679663 (VIOLATED)
_1063_/CLK                              0.750000    1.429663   -0.679663 (VIOLATED)
_1064_/CLK                              0.750000    1.429663   -0.679663 (VIOLATED)
_1065_/CLK                              0.750000    1.429663   -0.679663 (VIOLATED)
_1066_/CLK                              0.750000    1.429663   -0.679663 (VIOLATED)
_1067_/CLK                              0.750000    1.429663   -0.679663 (VIOLATED)
_1068_/CLK                              0.750000    1.429663   -0.679663 (VIOLATED)
_1069_/CLK                              0.750000    1.429663   -0.679663 (VIOLATED)
_1070_/CLK                              0.750000    1.429663   -0.679663 (VIOLATED)
_1071_/CLK                              0.750000    1.429663   -0.679663 (VIOLATED)
_1072_/CLK                              0.750000    1.429663   -0.679663 (VIOLATED)
_1073_/CLK                              0.750000    1.429663   -0.679663 (VIOLATED)
_1074_/CLK                              0.750000    1.429663   -0.679663 (VIOLATED)
_1075_/CLK                              0.750000    1.429663   -0.679663 (VIOLATED)
_1076_/CLK                              0.750000    1.429663   -0.679663 (VIOLATED)
_1077_/CLK                              0.750000    1.429663   -0.679663 (VIOLATED)
_1078_/CLK                              0.750000    1.429663   -0.679663 (VIOLATED)
_1079_/CLK                              0.750000    1.429663   -0.679663 (VIOLATED)
_1080_/CLK                              0.750000    1.429663   -0.679663 (VIOLATED)
_1081_/CLK                              0.750000    1.429663   -0.679663 (VIOLATED)
_1082_/CLK                              0.750000    1.429663   -0.679663 (VIOLATED)
_1083_/CLK                              0.750000    1.429663   -0.679663 (VIOLATED)
_1084_/CLK                              0.750000    1.429663   -0.679663 (VIOLATED)
_1085_/CLK                              0.750000    1.429663   -0.679663 (VIOLATED)
_1086_/CLK                              0.750000    1.429663   -0.679663 (VIOLATED)
_1087_/CLK                              0.750000    1.429663   -0.679663 (VIOLATED)
_1088_/CLK                              0.750000    1.429663   -0.679663 (VIOLATED)
_1089_/CLK                              0.750000    1.429663   -0.679663 (VIOLATED)
_1090_/CLK                              0.750000    1.429663   -0.679663 (VIOLATED)
_1091_/CLK                              0.750000    1.429663   -0.679663 (VIOLATED)
_1092_/CLK                              0.750000    1.429663   -0.679663 (VIOLATED)
_1093_/CLK                              0.750000    1.429663   -0.679663 (VIOLATED)
_1094_/CLK                              0.750000    1.429663   -0.679663 (VIOLATED)
_1095_/CLK                              0.750000    1.429663   -0.679663 (VIOLATED)
_1096_/CLK                              0.750000    1.429663   -0.679663 (VIOLATED)
_1097_/CLK                              0.750000    1.429663   -0.679663 (VIOLATED)
_1098_/CLK                              0.750000    1.429663   -0.679663 (VIOLATED)
_1099_/CLK                              0.750000    1.429663   -0.679663 (VIOLATED)
_1100_/CLK                              0.750000    1.429663   -0.679663 (VIOLATED)
_1101_/CLK                              0.750000    1.429663   -0.679663 (VIOLATED)
_1102_/CLK                              0.750000    1.429663   -0.679663 (VIOLATED)
_1103_/CLK                              0.750000    1.429663   -0.679663 (VIOLATED)
_1104_/CLK                              0.750000    1.429663   -0.679663 (VIOLATED)
_1105_/CLK                              0.750000    1.429663   -0.679663 (VIOLATED)
_1106_/CLK                              0.750000    1.429663   -0.679663 (VIOLATED)
_1107_/CLK                              0.750000    1.429663   -0.679663 (VIOLATED)
_1108_/CLK                              0.750000    1.429663   -0.679663 (VIOLATED)
_1109_/CLK                              0.750000    1.429663   -0.679663 (VIOLATED)
_1110_/CLK                              0.750000    1.429663   -0.679663 (VIOLATED)
_1111_/CLK                              0.750000    1.429663   -0.679663 (VIOLATED)
_1112_/CLK                              0.750000    1.429663   -0.679663 (VIOLATED)
_1113_/CLK                              0.750000    1.429663   -0.679663 (VIOLATED)
_1114_/CLK                              0.750000    1.429663   -0.679663 (VIOLATED)
_1115_/CLK                              0.750000    1.429663   -0.679663 (VIOLATED)
_1116_/CLK                              0.750000    1.429663   -0.679663 (VIOLATED)
_1117_/CLK                              0.750000    1.429663   -0.679663 (VIOLATED)
_1118_/CLK                              0.750000    1.429663   -0.679663 (VIOLATED)
_1119_/CLK                              0.750000    1.429663   -0.679663 (VIOLATED)
_1120_/CLK                              0.750000    1.429663   -0.679663 (VIOLATED)
_1121_/CLK                              0.750000    1.429663   -0.679663 (VIOLATED)
_1122_/CLK                              0.750000    1.429663   -0.679663 (VIOLATED)
_1123_/CLK                              0.750000    1.429663   -0.679663 (VIOLATED)
_1124_/CLK                              0.750000    1.429663   -0.679663 (VIOLATED)
_1125_/CLK                              0.750000    1.429663   -0.679663 (VIOLATED)
_1126_/CLK                              0.750000    1.429663   -0.679663 (VIOLATED)
_1127_/CLK                              0.750000    1.429663   -0.679663 (VIOLATED)
_1128_/CLK                              0.750000    1.429663   -0.679663 (VIOLATED)
_1129_/CLK                              0.750000    1.429663   -0.679663 (VIOLATED)
_1130_/CLK                              0.750000    1.429663   -0.679663 (VIOLATED)
_1131_/CLK                              0.750000    1.429663   -0.679663 (VIOLATED)
_1132_/CLK                              0.750000    1.429663   -0.679663 (VIOLATED)
_1133_/CLK                              0.750000    1.429663   -0.679663 (VIOLATED)
_1134_/CLK                              0.750000    1.429663   -0.679663 (VIOLATED)
_1135_/CLK                              0.750000    1.429663   -0.679663 (VIOLATED)
_1136_/CLK                              0.750000    1.429663   -0.679663 (VIOLATED)
_1137_/CLK                              0.750000    1.429663   -0.679663 (VIOLATED)
_1138_/CLK                              0.750000    1.429663   -0.679663 (VIOLATED)
_1139_/CLK                              0.750000    1.429663   -0.679663 (VIOLATED)
_1140_/CLK                              0.750000    1.429663   -0.679663 (VIOLATED)
_1141_/CLK                              0.750000    1.429663   -0.679663 (VIOLATED)
_1142_/CLK                              0.750000    1.429663   -0.679663 (VIOLATED)
_1143_/CLK                              0.750000    1.429663   -0.679663 (VIOLATED)
_1144_/CLK                              0.750000    1.429663   -0.679663 (VIOLATED)
_1145_/CLK                              0.750000    1.429663   -0.679663 (VIOLATED)
_1146_/CLK                              0.750000    1.429663   -0.679663 (VIOLATED)
_1147_/CLK                              0.750000    1.429663   -0.679663 (VIOLATED)
_1148_/CLK                              0.750000    1.429663   -0.679663 (VIOLATED)
_1149_/CLK                              0.750000    1.429663   -0.679663 (VIOLATED)
_1150_/CLK                              0.750000    1.429663   -0.679663 (VIOLATED)
_1151_/CLK                              0.750000    1.429663   -0.679663 (VIOLATED)
_1152_/CLK                              0.750000    1.429663   -0.679663 (VIOLATED)
_1153_/CLK                              0.750000    1.429663   -0.679663 (VIOLATED)
_1154_/CLK                              0.750000    1.429663   -0.679663 (VIOLATED)
_1155_/CLK                              0.750000    1.429663   -0.679663 (VIOLATED)
_1156_/CLK                              0.750000    1.429663   -0.679663 (VIOLATED)
_1157_/CLK                              0.750000    1.429663   -0.679663 (VIOLATED)
_1158_/CLK                              0.750000    1.429663   -0.679663 (VIOLATED)
_1159_/CLK                              0.750000    1.429663   -0.679663 (VIOLATED)
_0786_/B                                0.750000    0.893153   -0.143153 (VIOLATED)
_0780_/B                                0.750000    0.893152   -0.143152 (VIOLATED)
_0774_/B                                0.750000    0.893150   -0.143150 (VIOLATED)
_0768_/B                                0.750000    0.893148   -0.143148 (VIOLATED)
_0762_/B                                0.750000    0.893143   -0.143143 (VIOLATED)
_0756_/B                                0.750000    0.893138   -0.143138 (VIOLATED)
_0792_/B                                0.750000    0.893135   -0.143135 (VIOLATED)
_0807_/B                                0.750000    0.893135   -0.143135 (VIOLATED)
_0750_/B                                0.750000    0.893133   -0.143133 (VIOLATED)
_0798_/B                                0.750000    0.893133   -0.143133 (VIOLATED)
_0678_/B                                0.750000    0.893131   -0.143131 (VIOLATED)
_0684_/B                                0.750000    0.893130   -0.143130 (VIOLATED)
_0726_/B                                0.750000    0.893129   -0.143129 (VIOLATED)
_0690_/B                                0.750000    0.893128   -0.143128 (VIOLATED)
_0720_/B                                0.750000    0.893126   -0.143126 (VIOLATED)
_0744_/B                                0.750000    0.893126   -0.143126 (VIOLATED)
_0732_/B                                0.750000    0.893122   -0.143122 (VIOLATED)
_0714_/B                                0.750000    0.893121   -0.143121 (VIOLATED)
_0738_/B                                0.750000    0.893120   -0.143120 (VIOLATED)
_0696_/B                                0.750000    0.893111   -0.143111 (VIOLATED)
_0708_/B                                0.750000    0.893110   -0.143110 (VIOLATED)
_0702_/B                                0.750000    0.893105   -0.143105 (VIOLATED)
_0672_/B                                0.750000    0.893095   -0.143095 (VIOLATED)
_0666_/B                                0.750000    0.893095   -0.143095 (VIOLATED)
_0660_/B                                0.750000    0.893094   -0.143094 (VIOLATED)
_0648_/B                                0.750000    0.893092   -0.143092 (VIOLATED)
_0654_/B                                0.750000    0.893092   -0.143092 (VIOLATED)
_0642_/B                                0.750000    0.893089   -0.143089 (VIOLATED)
_0636_/B                                0.750000    0.893087   -0.143087 (VIOLATED)
_0630_/B                                0.750000    0.893084   -0.143084 (VIOLATED)
_0624_/B                                0.750000    0.893083   -0.143083 (VIOLATED)
_0802_/C                                0.750000    0.893076   -0.143076 (VIOLATED)
_0623_/X                                0.750000    0.893073   -0.143073 (VIOLATED)

max fanout

Pin                                   Limit Fanout  Slack
---------------------------------------------------------
clk                                      10    170   -160 (VIOLATED)
rst                                      10    162   -152 (VIOLATED)
_0488_/Y                                 10     66    -56 (VIOLATED)
_0484_/Y                                 10     65    -55 (VIOLATED)
_0480_/Y                                 10     34    -24 (VIOLATED)
_0623_/X                                 10     32    -22 (VIOLATED)
_0485_/Y                                 10     29    -19 (VIOLATED)
_0489_/Y                                 10     29    -19 (VIOLATED)

max capacitance

Pin                                        Limit         Cap       Slack
------------------------------------------------------------------------
rst                                     0.200000    0.843455   -0.643455 (VIOLATED)
clk                                     0.200000    0.317956   -0.117956 (VIOLATED)
_0488_/Y                                0.141917    0.202944   -0.061027 (VIOLATED)
_0484_/Y                                0.141917    0.201003   -0.059086 (VIOLATED)



===========================================================================
report_parasitic_annotation -report_unannotated
============================================================================
Found 1 unannotated drivers.
 clk
Found 0 partially unannotated drivers.

===========================================================================
max slew violation count 500
Writing metric design__max_slew_violation__count__corner:nom_tt_025C_1v80: 500
max fanout violation count 8
Writing metric design__max_fanout_violation__count__corner:nom_tt_025C_1v80: 8
max cap violation count 4
Writing metric design__max_cap_violation__count__corner:nom_tt_025C_1v80: 4
============================================================================

===========================================================================
check_setup -verbose -unconstrained_endpoints -multiple_clock -no_clock -no_input_delay -loops -generated_clocks
===========================================================================
