
===========================================================================
report_checks -unconstrained
===========================================================================
======================= nom_tt_025C_1v80 Corner ===================================

Startpoint: rst (input port clocked by clk)
Endpoint: _1130_ (recovery check against rising-edge clock clk)
Path Group: asynchronous
Path Type: max

Fanout         Cap        Slew       Delay        Time   Description
---------------------------------------------------------------------------------------------
                                  0.000000    0.000000   clock clk (rise edge)
                                  0.000000    0.000000   clock network delay (propagated)
                                  5.000000    5.000000 v input external delay
     1    0.003465    0.010177    0.005568    5.005568 v rst (in)
                                                         rst (net)
                      0.010177    0.000000    5.005568 v input65/A (sky130_fd_sc_hd__buf_1)
     2    0.009841    0.063596    0.104726    5.110294 v input65/X (sky130_fd_sc_hd__buf_1)
                                                         net65 (net)
                      0.063598    0.000470    5.110765 v fanout182/A (sky130_fd_sc_hd__buf_2)
     6    0.015153    0.050840    0.153148    5.263913 v fanout182/X (sky130_fd_sc_hd__buf_2)
                                                         net182 (net)
                      0.050840    0.000000    5.263913 v fanout181/A (sky130_fd_sc_hd__clkbuf_2)
     5    0.014911    0.063989    0.137598    5.401511 v fanout181/X (sky130_fd_sc_hd__clkbuf_2)
                                                         net181 (net)
                      0.063989    0.000325    5.401836 v fanout177/A (sky130_fd_sc_hd__buf_4)
    10    0.040760    0.066776    0.183990    5.585826 v fanout177/X (sky130_fd_sc_hd__buf_4)
                                                         net177 (net)
                      0.066776    0.000000    5.585826 v fanout176/A (sky130_fd_sc_hd__buf_4)
    10    0.054467    0.078656    0.199279    5.785105 v fanout176/X (sky130_fd_sc_hd__buf_4)
                                                         net176 (net)
                      0.078693    0.001572    5.786677 v _0960_/A (sky130_fd_sc_hd__inv_2)
     1    0.004781    0.035954    0.060179    5.846856 ^ _0960_/Y (sky130_fd_sc_hd__inv_2)
                                                         _0165_ (net)
                      0.035954    0.000134    5.846989 ^ _1130_/RESET_B (sky130_fd_sc_hd__dfrtp_1)
                                              5.846989   data arrival time

                                 25.000000   25.000000   clock clk (rise edge)
                                  0.000000   25.000000   clock source latency
     1    0.007894    0.043275    0.027159   25.027159 ^ clk (in)
                                                         clk (net)
                      0.043275    0.000000   25.027159 ^ clkbuf_0_clk/A (sky130_fd_sc_hd__clkbuf_16)
    16    0.066512    0.086709    0.161327   25.188484 ^ clkbuf_0_clk/X (sky130_fd_sc_hd__clkbuf_16)
                                                         clknet_0_clk (net)
                      0.086709    0.000000   25.188484 ^ clkbuf_4_12_0_clk/A (sky130_fd_sc_hd__clkbuf_8)
     9    0.025565    0.059435    0.154273   25.342758 ^ clkbuf_4_12_0_clk/X (sky130_fd_sc_hd__clkbuf_8)
                                                         clknet_4_12_0_clk (net)
                      0.059440    0.000608   25.343365 ^ _1130_/CLK (sky130_fd_sc_hd__dfrtp_1)
                                 -0.250000   25.093367   clock uncertainty
                                  0.000000   25.093367   clock reconvergence pessimism
                                  0.237096   25.330462   library recovery time
                                             25.330462   data required time
---------------------------------------------------------------------------------------------
                                             25.330462   data required time
                                             -5.846989   data arrival time
---------------------------------------------------------------------------------------------
                                             19.483473   slack (MET)


Startpoint: start (input port clocked by clk)
Endpoint: _1040_ (rising edge-triggered flip-flop clocked by clk)
Path Group: clk
Path Type: max

Fanout         Cap        Slew       Delay        Time   Description
---------------------------------------------------------------------------------------------
                                  0.000000    0.000000   clock clk (rise edge)
                                  0.000000    0.000000   clock network delay (propagated)
                                  5.000000    5.000000 v input external delay
     1    0.005135    0.013918    0.008353    5.008353 v start (in)
                                                         start (net)
                      0.013920    0.000000    5.008353 v input66/A (sky130_fd_sc_hd__clkbuf_2)
     7    0.023090    0.092900    0.144168    5.152521 v input66/X (sky130_fd_sc_hd__clkbuf_2)
                                                         net66 (net)
                      0.092904    0.000726    5.153247 v _0488_/A (sky130_fd_sc_hd__nor2_1)
     2    0.008664    0.172210    0.186267    5.339513 ^ _0488_/Y (sky130_fd_sc_hd__nor2_1)
                                                         _0307_ (net)
                      0.172210    0.000000    5.339513 ^ fanout139/A (sky130_fd_sc_hd__buf_2)
     9    0.035103    0.174608    0.242568    5.582082 ^ fanout139/X (sky130_fd_sc_hd__buf_2)
                                                         net139 (net)
                      0.174612    0.001178    5.583260 ^ fanout138/A (sky130_fd_sc_hd__buf_2)
    10    0.034020    0.169668    0.239294    5.822553 ^ fanout138/X (sky130_fd_sc_hd__buf_2)
                                                         net138 (net)
                      0.169670    0.000940    5.823493 ^ fanout137/A (sky130_fd_sc_hd__buf_2)
    10    0.034323    0.171049    0.239036    6.062529 ^ fanout137/X (sky130_fd_sc_hd__buf_2)
                                                         net137 (net)
                      0.171052    0.000983    6.063512 ^ _0572_/B1 (sky130_fd_sc_hd__a22o_1)
     1    0.003106    0.048286    0.150205    6.213717 ^ _0572_/X (sky130_fd_sc_hd__a22o_1)
                                                         _0245_ (net)
                      0.048286    0.000105    6.213821 ^ hold154/A (sky130_fd_sc_hd__dlygate4sd3_1)
     1    0.002656    0.051686    0.534559    6.748380 ^ hold154/X (sky130_fd_sc_hd__dlygate4sd3_1)
                                                         net336 (net)
                      0.051686    0.000060    6.748439 ^ _1040_/D (sky130_fd_sc_hd__dfrtp_1)
                                              6.748439   data arrival time

                                 25.000000   25.000000   clock clk (rise edge)
                                  0.000000   25.000000   clock source latency
     1    0.007894    0.043275    0.027159   25.027159 ^ clk (in)
                                                         clk (net)
                      0.043275    0.000000   25.027159 ^ clkbuf_0_clk/A (sky130_fd_sc_hd__clkbuf_16)
    16    0.066512    0.086709    0.161327   25.188484 ^ clkbuf_0_clk/X (sky130_fd_sc_hd__clkbuf_16)
                                                         clknet_0_clk (net)
                      0.086709    0.000000   25.188484 ^ clkbuf_4_14_0_clk/A (sky130_fd_sc_hd__clkbuf_8)
    11    0.030160    0.066507    0.159945   25.348431 ^ clkbuf_4_14_0_clk/X (sky130_fd_sc_hd__clkbuf_8)
                                                         clknet_4_14_0_clk (net)
                      0.066522    0.000945   25.349375 ^ _1040_/CLK (sky130_fd_sc_hd__dfrtp_1)
                                 -0.250000   25.099377   clock uncertainty
                                  0.000000   25.099377   clock reconvergence pessimism
                                 -0.058132   25.041245   library setup time
                                             25.041245   data required time
---------------------------------------------------------------------------------------------
                                             25.041245   data required time
                                             -6.748439   data arrival time
---------------------------------------------------------------------------------------------
                                             18.292807   slack (MET)




===========================================================================
report_checks --slack_max -0.01
============================================================================
======================= nom_tt_025C_1v80 Corner ===================================

No paths found.


===========================================================================
 report_check_types -max_slew -max_cap -max_fanout -violators
============================================================================
======================= nom_tt_025C_1v80 Corner ===================================

max fanout

Pin                                   Limit Fanout  Slack
---------------------------------------------------------
clkbuf_0_clk/X                           10     16     -6 (VIOLATED)
clkbuf_4_15_0_clk/X                      10     15     -5 (VIOLATED)
clkbuf_4_5_0_clk/X                       10     15     -5 (VIOLATED)
clkbuf_4_2_0_clk/X                       10     14     -4 (VIOLATED)
clkbuf_4_0_0_clk/X                       10     12     -2 (VIOLATED)
clkbuf_4_10_0_clk/X                      10     12     -2 (VIOLATED)
clkbuf_4_13_0_clk/X                      10     11        (VIOLATED)
clkbuf_4_14_0_clk/X                      10     11        (VIOLATED)



===========================================================================
report_parasitic_annotation -report_unannotated
============================================================================
Found 0 unannotated drivers.
Found 113 partially unannotated drivers.
 clk
 mc[15]
 mc[26]
 mc[28]
 mc[30]
 mp[10]
 mp[11]
 mp[12]
 mp[14]
 mp[16]
 mp[17]
 mp[2]
 mp[31]
 mp[4]
 mp[8]
 _0484_/Y
 _0485_/Y
 _0488_/Y
 _0489_/Y
 _0555_/X
 _0556_/X
 _0585_/X
 _0617_/X
 _0618_/X
 _0684_/Y
 _0757_/X
 _0827_/Y
 _0836_/Y
 _0837_/Y
 _0841_/Y
 _0847_/Y
 _0848_/Y
 _0850_/Y
 _0851_/Y
 _0857_/Y
 _0879_/Y
 _0969_/Y
 _1000_/Q
 _1010_/Q
 _1011_/Q
 _1018_/Q
 _1019_/Q
 _1022_/Q
 _1031_/Q
 _1032_/Q
 _1033_/Q
 _1034_/Q
 _1035_/Q
 _1037_/Q
 _1040_/Q
 _1041_/Q
 _1043_/Q
 _1046_/Q
 _1053_/Q
 _1057_/Q
 _1059_/Q
 _1107_/Q
 clkbuf_0_clk/X
 clkbuf_4_2_0_clk/X
 clkbuf_4_8_0_clk/X
 fanout132/X
 fanout135/X
 fanout136/X
 fanout144/X
 fanout145/X
 fanout150/X
 fanout154/X
 fanout157/X
 fanout161/X
 fanout163/X
 fanout164/X
 fanout166/X
 fanout168/X
 fanout170/X
 fanout171/X
 fanout172/X
 fanout174/X
 fanout175/X
 fanout177/X
 fanout181/X
 fanout182/X
 hold128/X
 hold15/X
 hold163/X
 hold169/X
 hold170/X
 hold182/X
 hold91/X
 input12/X
 input2/X
 input23/X
 input3/X
 input31/X
 input4/X
 input55/X
 input6/X
 input7/X
 output105/X
 output129/X
 output67/X
 output69/X
 output71/X
 output72/X
 output75/X
 output76/X
 output79/X
 output80/X
 output81/X
 output84/X
 output86/X
 output93/X
 output96/X
 output97/X

===========================================================================
max slew violation count 0
Writing metric design__max_slew_violation__count__corner:nom_tt_025C_1v80: 0
max fanout violation count 8
Writing metric design__max_fanout_violation__count__corner:nom_tt_025C_1v80: 8
max cap violation count 0
Writing metric design__max_cap_violation__count__corner:nom_tt_025C_1v80: 0
============================================================================

===========================================================================
check_setup -verbose -unconstrained_endpoints -multiple_clock -no_clock -no_input_delay -loops -generated_clocks
===========================================================================
