
===========================================================================
report_checks -unconstrained
===========================================================================
======================= nom_tt_025C_1v80 Corner ===================================

Startpoint: rst (input port clocked by clk)
Endpoint: _1130_ (recovery check against rising-edge clock clk)
Path Group: asynchronous
Path Type: max

Fanout         Cap        Slew       Delay        Time   Description
---------------------------------------------------------------------------------------------
                                  0.000000    0.000000   clock clk (rise edge)
                                  0.000000    0.000000   clock network delay (propagated)
                                  5.000000    5.000000 v input external delay
     1    0.002430    0.007778    0.003791    5.003791 v rst (in)
                                                         rst (net)
                      0.007778    0.000000    5.003791 v input65/A (sky130_fd_sc_hd__buf_1)
     2    0.009151    0.059771    0.100950    5.104741 v input65/X (sky130_fd_sc_hd__buf_1)
                                                         net65 (net)
                      0.059772    0.000326    5.105067 v fanout182/A (sky130_fd_sc_hd__buf_2)
     6    0.028117    0.076325    0.174434    5.279501 v fanout182/X (sky130_fd_sc_hd__buf_2)
                                                         net182 (net)
                      0.076325    0.000088    5.279589 v fanout181/A (sky130_fd_sc_hd__clkbuf_2)
     5    0.019833    0.081363    0.162447    5.442036 v fanout181/X (sky130_fd_sc_hd__clkbuf_2)
                                                         net181 (net)
                      0.081363    0.000079    5.442116 v fanout177/A (sky130_fd_sc_hd__buf_4)
    10    0.049952    0.077608    0.200375    5.642491 v fanout177/X (sky130_fd_sc_hd__buf_4)
                                                         net177 (net)
                      0.077610    0.000465    5.642956 v fanout176/A (sky130_fd_sc_hd__buf_4)
    10    0.050329    0.077288    0.200357    5.843313 v fanout176/X (sky130_fd_sc_hd__buf_4)
                                                         net176 (net)
                      0.077290    0.000398    5.843710 v _0960_/A (sky130_fd_sc_hd__inv_2)
     1    0.003851    0.033438    0.056011    5.899721 ^ _0960_/Y (sky130_fd_sc_hd__inv_2)
                                                         _0165_ (net)
                      0.033438    0.000009    5.899731 ^ _1130_/RESET_B (sky130_fd_sc_hd__dfrtp_1)
                                              5.899731   data arrival time

                                 25.000000   25.000000   clock clk (rise edge)
                                  0.000000   25.000000   clock source latency
     1    0.007894    0.043275    0.027159   25.027159 ^ clk (in)
                                                         clk (net)
                      0.043275    0.000000   25.027159 ^ clkbuf_0_clk/A (sky130_fd_sc_hd__clkbuf_16)
    16    0.066512    0.086709    0.161327   25.188484 ^ clkbuf_0_clk/X (sky130_fd_sc_hd__clkbuf_16)
                                                         clknet_0_clk (net)
                      0.086709    0.000000   25.188484 ^ clkbuf_4_12_0_clk/A (sky130_fd_sc_hd__clkbuf_8)
     9    0.016839    0.048093    0.142753   25.331238 ^ clkbuf_4_12_0_clk/X (sky130_fd_sc_hd__clkbuf_8)
                                                         clknet_4_12_0_clk (net)
                      0.048093    0.000000   25.331238 ^ _1130_/CLK (sky130_fd_sc_hd__dfrtp_1)
                                 -0.250000   25.081240   clock uncertainty
                                  0.000000   25.081240   clock reconvergence pessimism
                                  0.234272   25.315512   library recovery time
                                             25.315512   data required time
---------------------------------------------------------------------------------------------
                                             25.315512   data required time
                                             -5.899731   data arrival time
---------------------------------------------------------------------------------------------
                                             19.415781   slack (MET)


Startpoint: start (input port clocked by clk)
Endpoint: _1057_ (rising edge-triggered flip-flop clocked by clk)
Path Group: clk
Path Type: max

Fanout         Cap        Slew       Delay        Time   Description
---------------------------------------------------------------------------------------------
                                  0.000000    0.000000   clock clk (rise edge)
                                  0.000000    0.000000   clock network delay (propagated)
                                  5.000000    5.000000 v input external delay
     1    0.002902    0.008869    0.004593    5.004593 v start (in)
                                                         start (net)
                      0.008869    0.000000    5.004593 v input66/A (sky130_fd_sc_hd__clkbuf_2)
     7    0.021500    0.087144    0.137988    5.142581 v input66/X (sky130_fd_sc_hd__clkbuf_2)
                                                         net66 (net)
                      0.087145    0.000374    5.142955 v _0484_/A (sky130_fd_sc_hd__nor2_1)
     2    0.009455    0.185034    0.193940    5.336895 ^ _0484_/Y (sky130_fd_sc_hd__nor2_1)
                                                         _0304_ (net)
                      0.185034    0.000170    5.337065 ^ fanout157/A (sky130_fd_sc_hd__buf_2)
     9    0.031259    0.156709    0.233598    5.570663 ^ fanout157/X (sky130_fd_sc_hd__buf_2)
                                                         net157 (net)
                      0.156710    0.000821    5.571484 ^ fanout156/A (sky130_fd_sc_hd__buf_2)
    10    0.031045    0.155674    0.225100    5.796585 ^ fanout156/X (sky130_fd_sc_hd__buf_2)
                                                         net156 (net)
                      0.155674    0.000234    5.796819 ^ fanout155/A (sky130_fd_sc_hd__buf_2)
    10    0.030635    0.153695    0.223722    6.020542 ^ fanout155/X (sky130_fd_sc_hd__buf_2)
                                                         net155 (net)
                      0.153695    0.000638    6.021179 ^ _0555_/A2 (sky130_fd_sc_hd__a22o_1)
     1    0.002674    0.044448    0.156507    6.177686 ^ _0555_/X (sky130_fd_sc_hd__a22o_1)
                                                         _0262_ (net)
                      0.044448    0.000024    6.177710 ^ hold127/A (sky130_fd_sc_hd__dlygate4sd3_1)
     1    0.002250    0.050298    0.529503    6.707213 ^ hold127/X (sky130_fd_sc_hd__dlygate4sd3_1)
                                                         net309 (net)
                      0.050298    0.000006    6.707219 ^ _1057_/D (sky130_fd_sc_hd__dfrtp_1)
                                              6.707219   data arrival time

                                 25.000000   25.000000   clock clk (rise edge)
                                  0.000000   25.000000   clock source latency
     1    0.007894    0.043275    0.027159   25.027159 ^ clk (in)
                                                         clk (net)
                      0.043275    0.000000   25.027159 ^ clkbuf_0_clk/A (sky130_fd_sc_hd__clkbuf_16)
    16    0.066512    0.086709    0.161327   25.188484 ^ clkbuf_0_clk/X (sky130_fd_sc_hd__clkbuf_16)
                                                         clknet_0_clk (net)
                      0.086709    0.000000   25.188484 ^ clkbuf_4_14_0_clk/A (sky130_fd_sc_hd__clkbuf_8)
    11    0.020581    0.053881    0.148381   25.336866 ^ clkbuf_4_14_0_clk/X (sky130_fd_sc_hd__clkbuf_8)
                                                         clknet_4_14_0_clk (net)
                      0.053881    0.000000   25.336866 ^ _1057_/CLK (sky130_fd_sc_hd__dfrtp_1)
                                 -0.250000   25.086866   clock uncertainty
                                  0.000000   25.086866   clock reconvergence pessimism
                                 -0.059715   25.027151   library setup time
                                             25.027151   data required time
---------------------------------------------------------------------------------------------
                                             25.027151   data required time
                                             -6.707219   data arrival time
---------------------------------------------------------------------------------------------
                                             18.319933   slack (MET)




===========================================================================
report_checks --slack_max -0.01
============================================================================
======================= nom_tt_025C_1v80 Corner ===================================

No paths found.


===========================================================================
 report_check_types -max_slew -max_cap -max_fanout -violators
============================================================================
======================= nom_tt_025C_1v80 Corner ===================================

max fanout

Pin                                   Limit Fanout  Slack
---------------------------------------------------------
clkbuf_0_clk/X                           10     16     -6 (VIOLATED)
clkbuf_4_15_0_clk/X                      10     15     -5 (VIOLATED)
clkbuf_4_5_0_clk/X                       10     15     -5 (VIOLATED)
clkbuf_4_2_0_clk/X                       10     14     -4 (VIOLATED)
clkbuf_4_0_0_clk/X                       10     12     -2 (VIOLATED)
clkbuf_4_10_0_clk/X                      10     12     -2 (VIOLATED)
clkbuf_4_13_0_clk/X                      10     11        (VIOLATED)
clkbuf_4_14_0_clk/X                      10     11        (VIOLATED)



===========================================================================
report_parasitic_annotation -report_unannotated
============================================================================
Found 18 unannotated drivers.
 clk
 clkbuf_0_clk/X
 clkbuf_4_0_0_clk/X
 clkbuf_4_10_0_clk/X
 clkbuf_4_11_0_clk/X
 clkbuf_4_12_0_clk/X
 clkbuf_4_13_0_clk/X
 clkbuf_4_14_0_clk/X
 clkbuf_4_15_0_clk/X
 clkbuf_4_1_0_clk/X
 clkbuf_4_2_0_clk/X
 clkbuf_4_3_0_clk/X
 clkbuf_4_4_0_clk/X
 clkbuf_4_5_0_clk/X
 clkbuf_4_6_0_clk/X
 clkbuf_4_7_0_clk/X
 clkbuf_4_8_0_clk/X
 clkbuf_4_9_0_clk/X
Found 0 partially unannotated drivers.

===========================================================================
max slew violation count 0
Writing metric design__max_slew_violation__count__corner:nom_tt_025C_1v80: 0
max fanout violation count 8
Writing metric design__max_fanout_violation__count__corner:nom_tt_025C_1v80: 8
max cap violation count 0
Writing metric design__max_cap_violation__count__corner:nom_tt_025C_1v80: 0
============================================================================

===========================================================================
check_setup -verbose -unconstrained_endpoints -multiple_clock -no_clock -no_input_delay -loops -generated_clocks
===========================================================================
